
On August 14, 2014, 12:07 PM
In The Hunt 2014 Quiz to Pre-Campaign Tips(mdata=undefined), added asdf = 0
In Thumb Wars 2014 MMS Check(mdata=undefined), added asdf = 0
In The Hunt 2014 Quiz to Pre-Campaign Tips(mdata=undefined), deleted asdf: 0
In Pregnancy Text - RIGHTS(mdata=11151), added 0

On August 14, 2014, 12:08 PM
In The Hunt 2014 Quiz to Pre-Campaign Tips(mdata=undefined), added asdf = 0

On August 14, 2014, 12:13 PM
In The Hunt 2014 Quiz to Pre-Campaign Tips(mdata=undefined), added asdf = 0

On August 14, 2014, 12:13 PM
In Pregnancy Text - RIGHTS(mdata=11151), deleted 0

On August 14, 2014, 12:21 PM
In The Hunt 2014 Quiz to Pre-Campaign Tips(mdata=undefined), added asdf = 0

On August 14, 2014, 12:21 PM
In The Hunt 2014 Quiz to Pre-Campaign Tips(mdata=undefined), deleted asdf: 0

On August 14, 2014, 1:40 PM
In The Hunt 2014 Quiz to Pre-Campaign Tips(mdata=undefined), added test = 0

On August 14, 2014, 1:41 PM
In Thumb Wars 2014 - KNOW tips.(mdata=10673), added 0

On August 14, 2014, 1:46 PM
Added new module, mdata = 9999999

On August 14, 2014, 1:56 PM
In Thumb Wars 2014 - KNOW tips.(mdata=10673), deleted 0
Deleted module 9999999 - New title
Added new module, mdata = 123789876543
